{"/Users/dmitryvargin/NodeJSProjects/auctionus/auctionus-backend/test/utils/auth-helpers.ts": {"path":"/Users/dmitryvargin/NodeJSProjects/auctionus/auctionus-backend/test/utils/auth-helpers.ts","statementMap":{"0":{"start":{"line":18,"column":0},"end":{"line":18,"column":16}},"1":{"start":{"line":29,"column":0},"end":{"line":29,"column":16}},"2":{"start":{"line":61,"column":0},"end":{"line":61,"column":16}},"3":{"start":{"line":74,"column":0},"end":{"line":74,"column":16}},"4":{"start":{"line":1,"column":0},"end":{"line":1,"column":41}},"5":{"start":{"line":2,"column":0},"end":{"line":2,"column":33}},"6":{"start":{"line":3,"column":0},"end":{"line":3,"column":50}},"7":{"start":{"line":19,"column":17},"end":{"line":19,"column":36}},"8":{"start":{"line":20,"column":2},"end":{"line":23,"column":5}},"9":{"start":{"line":33,"column":17},"end":{"line":33,"column":36}},"10":{"start":{"line":35,"column":24},"end":{"line":39,"column":4}},"11":{"start":{"line":41,"column":25},"end":{"line":45,"column":4}},"12":{"start":{"line":47,"column":22},"end":{"line":49,"column":4}},"13":{"start":{"line":51,"column":23},"end":{"line":53,"column":4}},"14":{"start":{"line":55,"column":2},"end":{"line":55,"column":39}},"15":{"start":{"line":65,"column":17},"end":{"line":65,"column":48}},"16":{"start":{"line":66,"column":25},"end":{"line":66,"column":47}},"17":{"start":{"line":67,"column":17},"end":{"line":67,"column":53}},"18":{"start":{"line":68,"column":2},"end":{"line":68,"column":26}},"19":{"start":{"line":75,"column":2},"end":{"line":75,"column":52}}},"fnMap":{"0":{"name":"createTestJwtService","decl":{"start":{"line":18,"column":16},"end":{"line":18,"column":36}},"loc":{"start":{"line":18,"column":36},"end":{"line":24,"column":1}}},"1":{"name":"generateTestTokens","decl":{"start":{"line":29,"column":16},"end":{"line":29,"column":34}},"loc":{"start":{"line":31,"column":16},"end":{"line":56,"column":1}}},"2":{"name":"createTestUserWithTokens","decl":{"start":{"line":61,"column":16},"end":{"line":61,"column":40}},"loc":{"start":{"line":63,"column":58},"end":{"line":69,"column":1}}},"3":{"name":"getAuthHeader","decl":{"start":{"line":74,"column":16},"end":{"line":74,"column":29}},"loc":{"start":{"line":74,"column":49},"end":{"line":76,"column":1}}}},"branchMap":{"0":{"loc":{"start":{"line":63,"column":2},"end":{"line":63,"column":58}},"type":"default-arg","locations":[{"start":{"line":63,"column":23},"end":{"line":63,"column":58}}]}},"s":{"0":6,"1":6,"2":6,"3":6,"4":6,"5":6,"6":6,"7":0,"8":0,"9":0,"10":0,"11":0,"12":0,"13":0,"14":0,"15":0,"16":0,"17":0,"18":0,"19":0},"f":{"0":0,"1":0,"2":0,"3":0},"b":{"0":[0]}}
,"/Users/dmitryvargin/NodeJSProjects/auctionus/auctionus-backend/test/utils/db-helpers.ts": {"path":"/Users/dmitryvargin/NodeJSProjects/auctionus/auctionus-backend/test/utils/db-helpers.ts","statementMap":{"0":{"start":{"line":1,"column":0},"end":{"line":1,"column":52}},"1":{"start":{"line":2,"column":0},"end":{"line":2,"column":null}},"2":{"start":{"line":67,"column":12},"end":{"line":67,"column":42}},"3":{"start":{"line":68,"column":12},"end":{"line":68,"column":46}},"4":{"start":{"line":69,"column":12},"end":{"line":69,"column":48}},"5":{"start":{"line":70,"column":12},"end":{"line":70,"column":42}},"6":{"start":{"line":71,"column":12},"end":{"line":71,"column":40}},"7":{"start":{"line":72,"column":12},"end":{"line":72,"column":56}},"8":{"start":{"line":73,"column":12},"end":{"line":73,"column":34}},"9":{"start":{"line":81,"column":6},"end":{"line":81,"column":65}},"10":{"start":{"line":82,"column":4},"end":{"line":85,"column":7}},"11":{"start":{"line":92,"column":4},"end":{"line":96,"column":7}},"12":{"start":{"line":106,"column":17},"end":{"line":106,"column":50}},"13":{"start":{"line":107,"column":19},"end":{"line":110,"column":6}},"14":{"start":{"line":111,"column":4},"end":{"line":111,"column":28}},"15":{"start":{"line":118,"column":16},"end":{"line":118,"column":63}},"16":{"start":{"line":119,"column":27},"end":{"line":119,"column":78}},"17":{"start":{"line":120,"column":4},"end":{"line":125,"column":7}},"18":{"start":{"line":136,"column":34},"end":{"line":136,"column":36}},"19":{"start":{"line":137,"column":31},"end":{"line":137,"column":75}},"20":{"start":{"line":139,"column":4},"end":{"line":147,"column":5}},"21":{"start":{"line":139,"column":17},"end":{"line":139,"column":18}},"22":{"start":{"line":140,"column":19},"end":{"line":145,"column":8}},"23":{"start":{"line":146,"column":6},"end":{"line":146,"column":23}},"24":{"start":{"line":149,"column":4},"end":{"line":149,"column":17}},"25":{"start":{"line":156,"column":16},"end":{"line":156,"column":26}},"26":{"start":{"line":157,"column":27},"end":{"line":157,"column":67}},"27":{"start":{"line":159,"column":26},"end":{"line":166,"column":6}},"28":{"start":{"line":168,"column":4},"end":{"line":184,"column":7}},"29":{"start":{"line":178,"column":44},"end":{"line":183,"column":8}},"30":{"start":{"line":204,"column":6},"end":{"line":206,"column":null}},"31":{"start":{"line":209,"column":18},"end":{"line":209,"column":76}},"32":{"start":{"line":211,"column":16},"end":{"line":211,"column":26}},"33":{"start":{"line":213,"column":6},"end":{"line":213,"column":70}},"34":{"start":{"line":215,"column":20},"end":{"line":231,"column":6}},"35":{"start":{"line":228,"column":39},"end":{"line":228,"column":47}},"36":{"start":{"line":233,"column":4},"end":{"line":233,"column":52}},"37":{"start":{"line":240,"column":4},"end":{"line":245,"column":7}},"38":{"start":{"line":254,"column":4},"end":{"line":254,"column":56}},"39":{"start":{"line":263,"column":4},"end":{"line":265,"column":14}},"40":{"start":{"line":274,"column":4},"end":{"line":276,"column":14}},"41":{"start":{"line":283,"column":4},"end":{"line":283,"column":47}},"42":{"start":{"line":290,"column":24},"end":{"line":290,"column":51}},"43":{"start":{"line":291,"column":4},"end":{"line":293,"column":5}},"44":{"start":{"line":292,"column":6},"end":{"line":292,"column":44}},"45":{"start":{"line":303,"column":4},"end":{"line":306,"column":6}},"46":{"start":{"line":317,"column":4},"end":{"line":320,"column":6}},"47":{"start":{"line":65,"column":0},"end":{"line":65,"column":13}}},"fnMap":{"0":{"name":"(anonymous_0)","decl":{"start":{"line":66,"column":2},"end":{"line":66,"column":null}},"loc":{"start":{"line":73,"column":34},"end":{"line":74,"column":6}}},"1":{"name":"(anonymous_1)","decl":{"start":{"line":79,"column":2},"end":{"line":79,"column":7}},"loc":{"start":{"line":79,"column":48},"end":{"line":86,"column":3}}},"2":{"name":"(anonymous_2)","decl":{"start":{"line":91,"column":2},"end":{"line":91,"column":7}},"loc":{"start":{"line":91,"column":47},"end":{"line":97,"column":3}}},"3":{"name":"(anonymous_3)","decl":{"start":{"line":102,"column":2},"end":{"line":102,"column":7}},"loc":{"start":{"line":104,"column":57},"end":{"line":112,"column":3}}},"4":{"name":"(anonymous_4)","decl":{"start":{"line":117,"column":2},"end":{"line":117,"column":7}},"loc":{"start":{"line":117,"column":43},"end":{"line":126,"column":3}}},"5":{"name":"(anonymous_5)","decl":{"start":{"line":131,"column":2},"end":{"line":131,"column":7}},"loc":{"start":{"line":134,"column":27},"end":{"line":150,"column":3}}},"6":{"name":"(anonymous_6)","decl":{"start":{"line":155,"column":2},"end":{"line":155,"column":7}},"loc":{"start":{"line":155,"column":49},"end":{"line":185,"column":3}}},"7":{"name":"(anonymous_7)","decl":{"start":{"line":178,"column":32},"end":{"line":178,"column":33}},"loc":{"start":{"line":178,"column":44},"end":{"line":183,"column":8}}},"8":{"name":"(anonymous_8)","decl":{"start":{"line":190,"column":2},"end":{"line":190,"column":7}},"loc":{"start":{"line":196,"column":10},"end":{"line":234,"column":3}}},"9":{"name":"(anonymous_9)","decl":{"start":{"line":228,"column":29},"end":{"line":228,"column":30}},"loc":{"start":{"line":228,"column":39},"end":{"line":228,"column":47}}},"10":{"name":"(anonymous_10)","decl":{"start":{"line":239,"column":2},"end":{"line":239,"column":7}},"loc":{"start":{"line":239,"column":41},"end":{"line":246,"column":3}}},"11":{"name":"(anonymous_11)","decl":{"start":{"line":251,"column":2},"end":{"line":251,"column":7}},"loc":{"start":{"line":252,"column":38},"end":{"line":255,"column":3}}},"12":{"name":"(anonymous_12)","decl":{"start":{"line":260,"column":2},"end":{"line":260,"column":7}},"loc":{"start":{"line":261,"column":35},"end":{"line":266,"column":3}}},"13":{"name":"(anonymous_13)","decl":{"start":{"line":271,"column":2},"end":{"line":271,"column":7}},"loc":{"start":{"line":272,"column":38},"end":{"line":277,"column":3}}},"14":{"name":"(anonymous_14)","decl":{"start":{"line":282,"column":2},"end":{"line":282,"column":7}},"loc":{"start":{"line":282,"column":23},"end":{"line":284,"column":3}}},"15":{"name":"(anonymous_15)","decl":{"start":{"line":289,"column":2},"end":{"line":289,"column":7}},"loc":{"start":{"line":289,"column":21},"end":{"line":294,"column":3}}},"16":{"name":"(anonymous_16)","decl":{"start":{"line":299,"column":2},"end":{"line":299,"column":7}},"loc":{"start":{"line":301,"column":25},"end":{"line":307,"column":3}}},"17":{"name":"(anonymous_17)","decl":{"start":{"line":312,"column":2},"end":{"line":312,"column":7}},"loc":{"start":{"line":315,"column":17},"end":{"line":321,"column":3}}}},"branchMap":{"0":{"loc":{"start":{"line":79,"column":19},"end":{"line":79,"column":48}},"type":"default-arg","locations":[{"start":{"line":79,"column":46},"end":{"line":79,"column":48}}]},"1":{"loc":{"start":{"line":81,"column":6},"end":{"line":81,"column":65}},"type":"binary-expr","locations":[{"start":{"line":81,"column":6},"end":{"line":81,"column":23}},{"start":{"line":81,"column":27},"end":{"line":81,"column":65}}]},"2":{"loc":{"start":{"line":94,"column":15},"end":{"line":94,"column":34}},"type":"binary-expr","locations":[{"start":{"line":94,"column":15},"end":{"line":94,"column":29}},{"start":{"line":94,"column":33},"end":{"line":94,"column":34}}]},"3":{"loc":{"start":{"line":95,"column":21},"end":{"line":95,"column":46}},"type":"binary-expr","locations":[{"start":{"line":95,"column":21},"end":{"line":95,"column":41}},{"start":{"line":95,"column":45},"end":{"line":95,"column":46}}]},"4":{"loc":{"start":{"line":103,"column":4},"end":{"line":103,"column":37}},"type":"default-arg","locations":[{"start":{"line":103,"column":35},"end":{"line":103,"column":37}}]},"5":{"loc":{"start":{"line":104,"column":4},"end":{"line":104,"column":57}},"type":"default-arg","locations":[{"start":{"line":104,"column":55},"end":{"line":104,"column":57}}]},"6":{"loc":{"start":{"line":118,"column":16},"end":{"line":118,"column":63}},"type":"binary-expr","locations":[{"start":{"line":118,"column":16},"end":{"line":118,"column":26}},{"start":{"line":118,"column":30},"end":{"line":118,"column":63}}]},"7":{"loc":{"start":{"line":119,"column":27},"end":{"line":119,"column":78}},"type":"binary-expr","locations":[{"start":{"line":119,"column":27},"end":{"line":119,"column":48}},{"start":{"line":119,"column":52},"end":{"line":119,"column":78}}]},"8":{"loc":{"start":{"line":123,"column":13},"end":{"line":123,"column":43}},"type":"binary-expr","locations":[{"start":{"line":123,"column":13},"end":{"line":123,"column":25}},{"start":{"line":123,"column":29},"end":{"line":123,"column":43}}]},"9":{"loc":{"start":{"line":137,"column":31},"end":{"line":137,"column":75}},"type":"binary-expr","locations":[{"start":{"line":137,"column":31},"end":{"line":137,"column":45}},{"start":{"line":137,"column":49},"end":{"line":137,"column":75}}]},"10":{"loc":{"start":{"line":159,"column":26},"end":{"line":166,"column":6}},"type":"binary-expr","locations":[{"start":{"line":159,"column":26},"end":{"line":159,"column":39}},{"start":{"line":159,"column":43},"end":{"line":166,"column":6}}]},"11":{"loc":{"start":{"line":169,"column":12},"end":{"line":169,"column":55}},"type":"binary-expr","locations":[{"start":{"line":169,"column":12},"end":{"line":169,"column":23}},{"start":{"line":169,"column":27},"end":{"line":169,"column":55}}]},"12":{"loc":{"start":{"line":170,"column":14},"end":{"line":170,"column":51}},"type":"binary-expr","locations":[{"start":{"line":170,"column":14},"end":{"line":170,"column":27}},{"start":{"line":170,"column":31},"end":{"line":170,"column":51}}]},"13":{"loc":{"start":{"line":174,"column":21},"end":{"line":174,"column":55}},"type":"binary-expr","locations":[{"start":{"line":174,"column":21},"end":{"line":174,"column":49}},{"start":{"line":174,"column":53},"end":{"line":174,"column":55}}]},"14":{"loc":{"start":{"line":175,"column":16},"end":{"line":175,"column":44}},"type":"binary-expr","locations":[{"start":{"line":175,"column":16},"end":{"line":175,"column":39}},{"start":{"line":175,"column":43},"end":{"line":175,"column":44}}]},"15":{"loc":{"start":{"line":176,"column":26},"end":{"line":176,"column":64}},"type":"binary-expr","locations":[{"start":{"line":176,"column":26},"end":{"line":176,"column":59}},{"start":{"line":176,"column":63},"end":{"line":176,"column":64}}]},"16":{"loc":{"start":{"line":179,"column":19},"end":{"line":179,"column":41}},"type":"binary-expr","locations":[{"start":{"line":179,"column":19},"end":{"line":179,"column":34}},{"start":{"line":179,"column":38},"end":{"line":179,"column":41}}]},"17":{"loc":{"start":{"line":180,"column":17},"end":{"line":180,"column":48}},"type":"binary-expr","locations":[{"start":{"line":180,"column":17},"end":{"line":180,"column":30}},{"start":{"line":180,"column":34},"end":{"line":180,"column":48}}]},"18":{"loc":{"start":{"line":181,"column":16},"end":{"line":181,"column":52}},"type":"binary-expr","locations":[{"start":{"line":181,"column":16},"end":{"line":181,"column":28}},{"start":{"line":181,"column":32},"end":{"line":181,"column":52}}]},"19":{"loc":{"start":{"line":191,"column":4},"end":{"line":196,"column":10}},"type":"default-arg","locations":[{"start":{"line":196,"column":8},"end":{"line":196,"column":10}}]},"20":{"loc":{"start":{"line":206,"column":19},"end":{"line":206,"column":45}},"type":"binary-expr","locations":[{"start":{"line":206,"column":19},"end":{"line":206,"column":40}},{"start":{"line":206,"column":44},"end":{"line":206,"column":45}}]},"21":{"loc":{"start":{"line":209,"column":41},"end":{"line":209,"column":63}},"type":"binary-expr","locations":[{"start":{"line":209,"column":41},"end":{"line":209,"column":58}},{"start":{"line":209,"column":62},"end":{"line":209,"column":63}}]},"22":{"loc":{"start":{"line":213,"column":6},"end":{"line":213,"column":70}},"type":"binary-expr","locations":[{"start":{"line":213,"column":6},"end":{"line":213,"column":26}},{"start":{"line":213,"column":30},"end":{"line":213,"column":70}}]},"23":{"loc":{"start":{"line":218,"column":16},"end":{"line":222,"column":null}},"type":"binary-expr","locations":[{"start":{"line":218,"column":16},"end":{"line":218,"column":39}},{"start":{"line":218,"column":43},"end":{"line":222,"column":null}}]},"24":{"loc":{"start":{"line":244,"column":14},"end":{"line":244,"column":47}},"type":"binary-expr","locations":[{"start":{"line":244,"column":14},"end":{"line":244,"column":27}},{"start":{"line":244,"column":31},"end":{"line":244,"column":47}}]}},"s":{"0":6,"1":6,"2":0,"3":0,"4":0,"5":0,"6":0,"7":0,"8":0,"9":0,"10":0,"11":0,"12":0,"13":0,"14":0,"15":0,"16":0,"17":0,"18":0,"19":0,"20":0,"21":0,"22":0,"23":0,"24":0,"25":0,"26":0,"27":0,"28":0,"29":0,"30":0,"31":0,"32":0,"33":0,"34":0,"35":0,"36":0,"37":0,"38":0,"39":0,"40":0,"41":0,"42":0,"43":0,"44":0,"45":0,"46":0,"47":6},"f":{"0":0,"1":0,"2":0,"3":0,"4":0,"5":0,"6":0,"7":0,"8":0,"9":0,"10":0,"11":0,"12":0,"13":0,"14":0,"15":0,"16":0,"17":0},"b":{"0":[0],"1":[0,0],"2":[0,0],"3":[0,0],"4":[0],"5":[0],"6":[0,0],"7":[0,0],"8":[0,0],"9":[0,0],"10":[0,0],"11":[0,0],"12":[0,0],"13":[0,0],"14":[0,0],"15":[0,0],"16":[0,0],"17":[0,0],"18":[0,0],"19":[0],"20":[0,0],"21":[0,0],"22":[0,0],"23":[0,0],"24":[0,0]}}
,"/Users/dmitryvargin/NodeJSProjects/auctionus/auctionus-backend/test/utils/index.ts": {"path":"/Users/dmitryvargin/NodeJSProjects/auctionus/auctionus-backend/test/utils/index.ts","statementMap":{"0":{"start":{"line":1,"column":0},"end":{"line":1,"column":30}},"1":{"start":{"line":2,"column":0},"end":{"line":2,"column":31}},"2":{"start":{"line":3,"column":0},"end":{"line":3,"column":29}},"3":{"start":{"line":4,"column":0},"end":{"line":4,"column":35}}},"fnMap":{},"branchMap":{},"s":{"0":6,"1":6,"2":6,"3":6},"f":{},"b":{}}
,"/Users/dmitryvargin/NodeJSProjects/auctionus/auctionus-backend/test/utils/test-app.factory.ts": {"path":"/Users/dmitryvargin/NodeJSProjects/auctionus/auctionus-backend/test/utils/test-app.factory.ts","statementMap":{"0":{"start":{"line":61,"column":0},"end":{"line":61,"column":7}},"1":{"start":{"line":130,"column":0},"end":{"line":130,"column":7}},"2":{"start":{"line":198,"column":0},"end":{"line":198,"column":7}},"3":{"start":{"line":274,"column":0},"end":{"line":274,"column":7}},"4":{"start":{"line":1,"column":0},"end":{"line":1,"column":54}},"5":{"start":{"line":2,"column":0},"end":{"line":2,"column":66}},"6":{"start":{"line":3,"column":0},"end":{"line":3,"column":null}},"7":{"start":{"line":8,"column":0},"end":{"line":8,"column":52}},"8":{"start":{"line":9,"column":0},"end":{"line":9,"column":52}},"9":{"start":{"line":11,"column":0},"end":{"line":11,"column":76}},"10":{"start":{"line":13,"column":0},"end":{"line":13,"column":56}},"11":{"start":{"line":14,"column":0},"end":{"line":14,"column":50}},"12":{"start":{"line":15,"column":0},"end":{"line":15,"column":60}},"13":{"start":{"line":16,"column":0},"end":{"line":16,"column":48}},"14":{"start":{"line":17,"column":0},"end":{"line":17,"column":51}},"15":{"start":{"line":19,"column":0},"end":{"line":19,"column":58}},"16":{"start":{"line":20,"column":0},"end":{"line":20,"column":59}},"17":{"start":{"line":21,"column":0},"end":{"line":21,"column":68}},"18":{"start":{"line":22,"column":0},"end":{"line":22,"column":56}},"19":{"start":{"line":23,"column":0},"end":{"line":23,"column":73}},"20":{"start":{"line":25,"column":0},"end":{"line":25,"column":73}},"21":{"start":{"line":27,"column":0},"end":{"line":27,"column":null}},"22":{"start":{"line":42,"column":0},"end":{"line":42,"column":50}},"23":{"start":{"line":43,"column":0},"end":{"line":43,"column":41}},"24":{"start":{"line":62,"column":17},"end":{"line":62,"column":36}},"25":{"start":{"line":64,"column":39},"end":{"line":88,"column":14}},"26":{"start":{"line":90,"column":14},"end":{"line":90,"column":51}},"27":{"start":{"line":92,"column":2},"end":{"line":98,"column":4}},"28":{"start":{"line":100,"column":2},"end":{"line":100,"column":19}},"29":{"start":{"line":102,"column":21},"end":{"line":102,"column":72}},"30":{"start":{"line":103,"column":21},"end":{"line":103,"column":62}},"31":{"start":{"line":105,"column":20},"end":{"line":114,"column":null}},"32":{"start":{"line":117,"column":2},"end":{"line":123,"column":4}},"33":{"start":{"line":131,"column":17},"end":{"line":131,"column":36}},"34":{"start":{"line":133,"column":39},"end":{"line":152,"column":14}},"35":{"start":{"line":154,"column":14},"end":{"line":154,"column":51}},"36":{"start":{"line":156,"column":2},"end":{"line":162,"column":4}},"37":{"start":{"line":164,"column":2},"end":{"line":164,"column":19}},"38":{"start":{"line":166,"column":21},"end":{"line":166,"column":72}},"39":{"start":{"line":167,"column":21},"end":{"line":167,"column":62}},"40":{"start":{"line":168,"column":27},"end":{"line":169,"column":null}},"41":{"start":{"line":172,"column":20},"end":{"line":181,"column":null}},"42":{"start":{"line":184,"column":2},"end":{"line":191,"column":4}},"43":{"start":{"line":199,"column":17},"end":{"line":199,"column":36}},"44":{"start":{"line":201,"column":39},"end":{"line":227,"column":14}},"45":{"start":{"line":229,"column":14},"end":{"line":229,"column":51}},"46":{"start":{"line":231,"column":2},"end":{"line":237,"column":4}},"47":{"start":{"line":239,"column":2},"end":{"line":239,"column":19}},"48":{"start":{"line":241,"column":21},"end":{"line":241,"column":72}},"49":{"start":{"line":242,"column":21},"end":{"line":242,"column":62}},"50":{"start":{"line":243,"column":27},"end":{"line":244,"column":null}},"51":{"start":{"line":246,"column":25},"end":{"line":246,"column":74}},"52":{"start":{"line":248,"column":20},"end":{"line":257,"column":null}},"53":{"start":{"line":260,"column":2},"end":{"line":268,"column":4}},"54":{"start":{"line":275,"column":2},"end":{"line":275,"column":35}},"55":{"start":{"line":276,"column":2},"end":{"line":276,"column":28}}},"fnMap":{"0":{"name":"createTestWebApp","decl":{"start":{"line":61,"column":22},"end":{"line":61,"column":38}},"loc":{"start":{"line":61,"column":38},"end":{"line":124,"column":1}}},"1":{"name":"createTestRunnerApp","decl":{"start":{"line":130,"column":22},"end":{"line":130,"column":41}},"loc":{"start":{"line":130,"column":41},"end":{"line":192,"column":1}}},"2":{"name":"createFullTestApp","decl":{"start":{"line":198,"column":22},"end":{"line":198,"column":39}},"loc":{"start":{"line":198,"column":39},"end":{"line":269,"column":1}}},"3":{"name":"closeTestApp","decl":{"start":{"line":274,"column":22},"end":{"line":274,"column":34}},"loc":{"start":{"line":274,"column":58},"end":{"line":277,"column":1}}}},"branchMap":{},"s":{"0":6,"1":6,"2":6,"3":6,"4":6,"5":6,"6":6,"7":6,"8":6,"9":6,"10":6,"11":6,"12":6,"13":6,"14":6,"15":6,"16":6,"17":6,"18":6,"19":6,"20":6,"21":6,"22":6,"23":6,"24":4,"25":4,"26":0,"27":0,"28":0,"29":0,"30":0,"31":0,"32":0,"33":1,"34":1,"35":0,"36":0,"37":0,"38":0,"39":0,"40":0,"41":0,"42":0,"43":1,"44":1,"45":0,"46":0,"47":0,"48":0,"49":0,"50":0,"51":0,"52":0,"53":0,"54":6,"55":0},"f":{"0":4,"1":1,"2":1,"3":6},"b":{}}
,"/Users/dmitryvargin/NodeJSProjects/auctionus/auctionus-backend/test/utils/test-config.ts": {"path":"/Users/dmitryvargin/NodeJSProjects/auctionus/auctionus-backend/test/utils/test-config.ts","statementMap":{"0":{"start":{"line":1,"column":0},"end":{"line":1,"column":39}},"1":{"start":{"line":12,"column":13},"end":{"line":12,"column":47}}},"fnMap":{},"branchMap":{},"s":{"0":6,"1":6},"f":{},"b":{}}
}
