TN:
SF:test/utils/auth-helpers.ts
FN:18,createTestJwtService
FN:29,generateTestTokens
FN:61,createTestUserWithTokens
FN:74,getAuthHeader
FNF:4
FNH:0
FNDA:0,createTestJwtService
FNDA:0,generateTestTokens
FNDA:0,createTestUserWithTokens
FNDA:0,getAuthHeader
DA:1,6
DA:2,6
DA:3,6
DA:18,6
DA:19,0
DA:20,0
DA:29,6
DA:33,0
DA:35,0
DA:41,0
DA:47,0
DA:51,0
DA:55,0
DA:61,6
DA:65,0
DA:66,0
DA:67,0
DA:68,0
DA:74,6
DA:75,0
LF:20
LH:7
BRDA:63,0,0,0
BRF:1
BRH:0
end_of_record
TN:
SF:test/utils/db-helpers.ts
FN:66,(anonymous_0)
FN:79,(anonymous_1)
FN:91,(anonymous_2)
FN:102,(anonymous_3)
FN:117,(anonymous_4)
FN:131,(anonymous_5)
FN:155,(anonymous_6)
FN:178,(anonymous_7)
FN:190,(anonymous_8)
FN:228,(anonymous_9)
FN:239,(anonymous_10)
FN:251,(anonymous_11)
FN:260,(anonymous_12)
FN:271,(anonymous_13)
FN:282,(anonymous_14)
FN:289,(anonymous_15)
FN:299,(anonymous_16)
FN:312,(anonymous_17)
FNF:18
FNH:0
FNDA:0,(anonymous_0)
FNDA:0,(anonymous_1)
FNDA:0,(anonymous_2)
FNDA:0,(anonymous_3)
FNDA:0,(anonymous_4)
FNDA:0,(anonymous_5)
FNDA:0,(anonymous_6)
FNDA:0,(anonymous_7)
FNDA:0,(anonymous_8)
FNDA:0,(anonymous_9)
FNDA:0,(anonymous_10)
FNDA:0,(anonymous_11)
FNDA:0,(anonymous_12)
FNDA:0,(anonymous_13)
FNDA:0,(anonymous_14)
FNDA:0,(anonymous_15)
FNDA:0,(anonymous_16)
FNDA:0,(anonymous_17)
DA:1,6
DA:2,6
DA:65,6
DA:67,0
DA:68,0
DA:69,0
DA:70,0
DA:71,0
DA:72,0
DA:73,0
DA:81,0
DA:82,0
DA:92,0
DA:106,0
DA:107,0
DA:111,0
DA:118,0
DA:119,0
DA:120,0
DA:136,0
DA:137,0
DA:139,0
DA:140,0
DA:146,0
DA:149,0
DA:156,0
DA:157,0
DA:159,0
DA:168,0
DA:178,0
DA:204,0
DA:209,0
DA:211,0
DA:213,0
DA:215,0
DA:228,0
DA:233,0
DA:240,0
DA:254,0
DA:263,0
DA:274,0
DA:283,0
DA:290,0
DA:291,0
DA:292,0
DA:303,0
DA:317,0
LF:47
LH:3
BRDA:79,0,0,0
BRDA:81,1,0,0
BRDA:81,1,1,0
BRDA:94,2,0,0
BRDA:94,2,1,0
BRDA:95,3,0,0
BRDA:95,3,1,0
BRDA:103,4,0,0
BRDA:104,5,0,0
BRDA:118,6,0,0
BRDA:118,6,1,0
BRDA:119,7,0,0
BRDA:119,7,1,0
BRDA:123,8,0,0
BRDA:123,8,1,0
BRDA:137,9,0,0
BRDA:137,9,1,0
BRDA:159,10,0,0
BRDA:159,10,1,0
BRDA:169,11,0,0
BRDA:169,11,1,0
BRDA:170,12,0,0
BRDA:170,12,1,0
BRDA:174,13,0,0
BRDA:174,13,1,0
BRDA:175,14,0,0
BRDA:175,14,1,0
BRDA:176,15,0,0
BRDA:176,15,1,0
BRDA:179,16,0,0
BRDA:179,16,1,0
BRDA:180,17,0,0
BRDA:180,17,1,0
BRDA:181,18,0,0
BRDA:181,18,1,0
BRDA:191,19,0,0
BRDA:206,20,0,0
BRDA:206,20,1,0
BRDA:209,21,0,0
BRDA:209,21,1,0
BRDA:213,22,0,0
BRDA:213,22,1,0
BRDA:218,23,0,0
BRDA:218,23,1,0
BRDA:244,24,0,0
BRDA:244,24,1,0
BRF:46
BRH:0
end_of_record
TN:
SF:test/utils/index.ts
FNF:0
FNH:0
DA:1,6
DA:2,6
DA:3,6
DA:4,6
LF:4
LH:4
BRF:0
BRH:0
end_of_record
TN:
SF:test/utils/test-app.factory.ts
FN:61,createTestWebApp
FN:130,createTestRunnerApp
FN:198,createFullTestApp
FN:274,closeTestApp
FNF:4
FNH:4
FNDA:4,createTestWebApp
FNDA:1,createTestRunnerApp
FNDA:1,createFullTestApp
FNDA:6,closeTestApp
DA:1,6
DA:2,6
DA:3,6
DA:8,6
DA:9,6
DA:11,6
DA:13,6
DA:14,6
DA:15,6
DA:16,6
DA:17,6
DA:19,6
DA:20,6
DA:21,6
DA:22,6
DA:23,6
DA:25,6
DA:27,6
DA:42,6
DA:43,6
DA:61,6
DA:62,4
DA:64,4
DA:90,0
DA:92,0
DA:100,0
DA:102,0
DA:103,0
DA:105,0
DA:117,0
DA:130,6
DA:131,1
DA:133,1
DA:154,0
DA:156,0
DA:164,0
DA:166,0
DA:167,0
DA:168,0
DA:172,0
DA:184,0
DA:198,6
DA:199,1
DA:201,1
DA:229,0
DA:231,0
DA:239,0
DA:241,0
DA:242,0
DA:243,0
DA:246,0
DA:248,0
DA:260,0
DA:274,6
DA:275,6
DA:276,0
LF:56
LH:31
BRF:0
BRH:0
end_of_record
TN:
SF:test/utils/test-config.ts
FNF:0
FNH:0
DA:1,6
DA:12,6
LF:2
LH:2
BRF:0
BRH:0
end_of_record
